<?xml version="1.0" encoding="UTF-8"?>
<!-- Generated by org.testng.reporters.JUnitReportReporter -->
<testsuite hostname="BDC6-L-FCY7FL3" failures="0" tests="1" name="ui.LoginTest2" time="13.121" errors="0" timestamp="2022-04-13T16:59:47 IST" skipped="0">
  <testcase classname="ui.LoginTest2" name="lunchapplication" time="13.121"/>
  <system-out/>
</testsuite> <!-- ui.LoginTest2 -->
